Microsoft HTML Help Compiler 4.74.8702

Compiling c:\Users\jelena\Desktop\HCI2012PZ7E13080_drugi\Help\helpHCI.chm

Prikaz klijenata.htm
Prikaz grupa.htm
nset0p.htm
Dodavanje kllijenta.htm
Izmena klijenta.htm
Uklanjanje klijenta.htm
Dodavanje zaposlenog.htm
Izmena zaposlenog.htm
Uklanjanje zaposlenog.htm
Slanje na odmor.htm
Angažovanje zaposlenog.htm
Slanje na trening.htm
a.htm
Oslobadjanje zaposlenog.htm
Pregled klijenata.htm
Pregled zaposlenih.htm
Pregled angažovanja.htm
Precice.htm
Na zadatku.htm
klprz.bmp
klspis.bmp
klijsel.bmp
sl1.bmp
stil.css
beach.ico
trening.ico
busy.ico
grZauz.bmp
grPrazna.bmp
dugmeDod.bmp
dod.bmp
dugmeIzm.bmp
izm.bmp
dugmeBris.bmp
bris.bmp
grdodbtn.bmp
grdod.bmp
grizmbtn.bmp
grizm.bmp
gruklbtn.bmp
grukl.bmp
ang.bmp
bizi.bmp
tren.bmp
trensli.bmp
odm.bmp
odmsli.bmp
oslob.bmp
oslodij.bmp
slobopet.bmp
klikk.bmp
pregklij.bmp
klikz.bmp
pregzap.bmp
klika.bmp
ss.bmp

Compile time: 0 minutes, 26 seconds
19	Topics
30	Local links
0	Internet links
0	Graphics


Created c:\Users\jelena\Desktop\HCI2012PZ7E13080_drugi\Help\helpHCI.chm, 1,828,635 bytes
Compression decreased file by 33,750,928 bytes.
